<?xml version="1.0" encoding="UTF-8"?>
<!-- Generated by org.testng.reporters.JUnitXMLReporter -->
<testsuite hostname="foradian-H110M-H" ignored="0" name="Test" tests="43" failures="37" timestamp="11 Feb 2020 06:40:50 GMT" time="2.364" errors="0">
  <testcase name="FloatValue" time="0.0" classname="com.IIT.pageObjects.Keywords">
    <failure type="org.testng.TestNGException" message="
Cannot inject @Test annotated Method [FloatValue] with [class java.lang.String, class java.lang.String].
For more information on native dependency injection please refer to http://testng.org/doc/documentation-main.html#native-dependency-injection">
      <![CDATA[org.testng.TestNGException: 
Cannot inject @Test annotated Method [FloatValue] with [class java.lang.String, class java.lang.String].
For more information on native dependency injection please refer to http://testng.org/doc/documentation-main.html#native-dependency-injection
... Removed 24 stack frames]]>
    </failure>
  </testcase> <!-- FloatValue -->
  <testcase name="LoopToDeleteCategories" time="0.01" classname="com.IIT.pageObjects.Keywords">
    <failure type="java.lang.NullPointerException">
      <![CDATA[java.lang.NullPointerException
at com.IIT.pageObjects.Keywords.LoopToDeleteCategories(Keywords.java:650)
... Removed 25 stack frames]]>
    </failure>
  </testcase> <!-- LoopToDeleteCategories -->
  <testcase name="accept" time="0.001" classname="com.IIT.pageObjects.Keywords">
    <failure type="java.lang.NullPointerException">
      <![CDATA[java.lang.NullPointerException
at com.IIT.pageObjects.Keywords.accept(Keywords.java:291)
... Removed 25 stack frames]]>
    </failure>
  </testcase> <!-- accept -->
  <testcase name="clearTextAndInputData" time="0.0" classname="com.IIT.pageObjects.Keywords">
    <failure type="org.testng.TestNGException" message="
Cannot inject @Test annotated Method [clearTextAndInputData] with [class java.lang.String, class java.lang.String].
For more information on native dependency injection please refer to http://testng.org/doc/documentation-main.html#native-dependency-injection">
      <![CDATA[org.testng.TestNGException: 
Cannot inject @Test annotated Method [clearTextAndInputData] with [class java.lang.String, class java.lang.String].
For more information on native dependency injection please refer to http://testng.org/doc/documentation-main.html#native-dependency-injection
... Removed 24 stack frames]]>
    </failure>
  </testcase> <!-- clearTextAndInputData -->
  <testcase name="click" time="0.0" classname="com.IIT.pageObjects.Keywords">
    <failure type="org.testng.TestNGException" message="
Cannot inject @Test annotated Method [click] with [class java.lang.String].
For more information on native dependency injection please refer to http://testng.org/doc/documentation-main.html#native-dependency-injection">
      <![CDATA[org.testng.TestNGException: 
Cannot inject @Test annotated Method [click] with [class java.lang.String].
For more information on native dependency injection please refer to http://testng.org/doc/documentation-main.html#native-dependency-injection
... Removed 24 stack frames]]>
    </failure>
  </testcase> <!-- click -->
  <testcase name="closecurrenttab" time="0.075" classname="com.IIT.pageObjects.Keywords"/>
  <testcase name="duplicateTab" time="1.007" classname="com.IIT.pageObjects.Keywords"/>
  <testcase name="input" time="0.0" classname="com.IIT.pageObjects.Keywords">
    <failure type="org.testng.TestNGException" message="
Cannot inject @Test annotated Method [input] with [class java.lang.String, class java.lang.String].
For more information on native dependency injection please refer to http://testng.org/doc/documentation-main.html#native-dependency-injection">
      <![CDATA[org.testng.TestNGException: 
Cannot inject @Test annotated Method [input] with [class java.lang.String, class java.lang.String].
For more information on native dependency injection please refer to http://testng.org/doc/documentation-main.html#native-dependency-injection
... Removed 24 stack frames]]>
    </failure>
  </testcase> <!-- input -->
  <testcase name="inputint" time="0.0" classname="com.IIT.pageObjects.Keywords">
    <failure type="org.testng.TestNGException" message="
Cannot inject @Test annotated Method [inputint] with [class java.lang.String, class java.lang.String].
For more information on native dependency injection please refer to http://testng.org/doc/documentation-main.html#native-dependency-injection">
      <![CDATA[org.testng.TestNGException: 
Cannot inject @Test annotated Method [inputint] with [class java.lang.String, class java.lang.String].
For more information on native dependency injection please refer to http://testng.org/doc/documentation-main.html#native-dependency-injection
... Removed 24 stack frames]]>
    </failure>
  </testcase> <!-- inputint -->
  <testcase name="inputintwithchar" time="0.0" classname="com.IIT.pageObjects.Keywords">
    <failure type="org.testng.TestNGException" message="
Cannot inject @Test annotated Method [inputintwithchar] with [interface java.lang.CharSequence, class java.lang.String].
For more information on native dependency injection please refer to http://testng.org/doc/documentation-main.html#native-dependency-injection">
      <![CDATA[org.testng.TestNGException: 
Cannot inject @Test annotated Method [inputintwithchar] with [interface java.lang.CharSequence, class java.lang.String].
For more information on native dependency injection please refer to http://testng.org/doc/documentation-main.html#native-dependency-injection
... Removed 24 stack frames]]>
    </failure>
  </testcase> <!-- inputintwithchar -->
  <testcase name="navigate" time="0.0" classname="com.IIT.pageObjects.Keywords">
    <failure type="org.testng.TestNGException" message="
Cannot inject @Test annotated Method [navigate] with [class java.lang.String].
For more information on native dependency injection please refer to http://testng.org/doc/documentation-main.html#native-dependency-injection">
      <![CDATA[org.testng.TestNGException: 
Cannot inject @Test annotated Method [navigate] with [class java.lang.String].
For more information on native dependency injection please refer to http://testng.org/doc/documentation-main.html#native-dependency-injection
... Removed 24 stack frames]]>
    </failure>
  </testcase> <!-- navigate -->
  <testcase name="navigateback" time="0.0" classname="com.IIT.pageObjects.Keywords">
    <failure type="java.lang.NullPointerException">
      <![CDATA[java.lang.NullPointerException
at com.IIT.pageObjects.Keywords.navigateback(Keywords.java:90)
... Removed 25 stack frames]]>
    </failure>
  </testcase> <!-- navigateback -->
  <testcase name="newTab" time="0.001" classname="com.IIT.pageObjects.Keywords">
    <failure type="java.lang.NullPointerException">
      <![CDATA[java.lang.NullPointerException
at com.IIT.pageObjects.Keywords.newTab(Keywords.java:564)
... Removed 25 stack frames]]>
    </failure>
  </testcase> <!-- newTab -->
  <testcase name="newTabOne" time="0.011" classname="com.IIT.pageObjects.Keywords">
    <failure type="java.lang.NullPointerException">
      <![CDATA[java.lang.NullPointerException
at com.IIT.pageObjects.Keywords.newTabOne(Keywords.java:605)
... Removed 25 stack frames]]>
    </failure>
  </testcase> <!-- newTabOne -->
  <testcase name="newTabTwo" time="0.011" classname="com.IIT.pageObjects.Keywords">
    <failure type="java.lang.NullPointerException">
      <![CDATA[java.lang.NullPointerException
at com.IIT.pageObjects.Keywords.newTabTwo(Keywords.java:624)
... Removed 25 stack frames]]>
    </failure>
  </testcase> <!-- newTabTwo -->
  <testcase name="newTabZero" time="0.004" classname="com.IIT.pageObjects.Keywords">
    <failure type="java.lang.NullPointerException">
      <![CDATA[java.lang.NullPointerException
at com.IIT.pageObjects.Keywords.newTabZero(Keywords.java:583)
... Removed 25 stack frames]]>
    </failure>
  </testcase> <!-- newTabZero -->
  <testcase name="newwTab" time="0.0" classname="com.IIT.pageObjects.Keywords">
    <failure type="org.testng.TestNGException" message="
Cannot inject @Test annotated Method [newwTab] with [class java.lang.String, class java.lang.String].
For more information on native dependency injection please refer to http://testng.org/doc/documentation-main.html#native-dependency-injection">
      <![CDATA[org.testng.TestNGException: 
Cannot inject @Test annotated Method [newwTab] with [class java.lang.String, class java.lang.String].
For more information on native dependency injection please refer to http://testng.org/doc/documentation-main.html#native-dependency-injection
... Removed 24 stack frames]]>
    </failure>
  </testcase> <!-- newwTab -->
  <testcase name="openbrowser" time="0.92" classname="com.IIT.pageObjects.Keywords"/>
  <testcase name="quit" time="0.127" classname="com.IIT.pageObjects.Keywords"/>
  <testcase name="refresh" time="0.007" classname="com.IIT.pageObjects.Keywords">
    <failure type="org.openqa.selenium.NoSuchSessionException" message="Session ID is null. Using WebDriver after calling quit()?
Build info: version: &amp;apos;3.14.0&amp;apos;, revision: &amp;apos;aacccce0&amp;apos;, time: &amp;apos;2018-08-02T20:19:58.91Z&amp;apos;
System info: host: &amp;apos;foradian-H110M-H&amp;apos;, ip: &amp;apos;127.0.1.1&amp;apos;, os.name: &amp;apos;Linux&amp;apos;, os.arch: &amp;apos;amd64&amp;apos;, os.version: &amp;apos;4.15.0-76-generic&amp;apos;, java.version: &amp;apos;1.8.0_181&amp;apos;
Driver info: driver.version: RemoteWebDriver">
      <![CDATA[org.openqa.selenium.NoSuchSessionException: Session ID is null. Using WebDriver after calling quit()?
Build info: version: '3.14.0', revision: 'aacccce0', time: '2018-08-02T20:19:58.91Z'
System info: host: 'foradian-H110M-H', ip: '127.0.1.1', os.name: 'Linux', os.arch: 'amd64', os.version: '4.15.0-76-generic', java.version: '1.8.0_181'
Driver info: driver.version: RemoteWebDriver
at org.openqa.selenium.remote.HttpCommandExecutor.execute(HttpCommandExecutor.java:125)
at org.openqa.selenium.remote.service.DriverCommandExecutor.execute(DriverCommandExecutor.java:83)
at org.openqa.selenium.remote.RemoteWebDriver.execute(RemoteWebDriver.java:548)
at org.openqa.selenium.remote.RemoteWebDriver.execute(RemoteWebDriver.java:605)
at org.openqa.selenium.remote.RemoteWebDriver$RemoteNavigation.refresh(RemoteWebDriver.java:861)
at com.IIT.pageObjects.Keywords.refresh(Keywords.java:86)
... Removed 25 stack frames]]>
    </failure>
  </testcase> <!-- refresh -->
  <testcase name="rightclick" time="0.0" classname="com.IIT.pageObjects.Keywords">
    <failure type="org.testng.TestNGException" message="
Cannot inject @Test annotated Method [rightclick] with [class java.lang.String].
For more information on native dependency injection please refer to http://testng.org/doc/documentation-main.html#native-dependency-injection">
      <![CDATA[org.testng.TestNGException: 
Cannot inject @Test annotated Method [rightclick] with [class java.lang.String].
For more information on native dependency injection please refer to http://testng.org/doc/documentation-main.html#native-dependency-injection
... Removed 24 stack frames]]>
    </failure>
  </testcase> <!-- rightclick -->
  <testcase name="rightclickopeninnewtab" time="0.0" classname="com.IIT.pageObjects.Keywords">
    <failure type="org.testng.TestNGException" message="
Cannot inject @Test annotated Method [rightclickopeninnewtab] with [class java.lang.String].
For more information on native dependency injection please refer to http://testng.org/doc/documentation-main.html#native-dependency-injection">
      <![CDATA[org.testng.TestNGException: 
Cannot inject @Test annotated Method [rightclickopeninnewtab] with [class java.lang.String].
For more information on native dependency injection please refer to http://testng.org/doc/documentation-main.html#native-dependency-injection
... Removed 24 stack frames]]>
    </failure>
  </testcase> <!-- rightclickopeninnewtab -->
  <testcase name="rightclickopeninnewtabversionone" time="0.0" classname="com.IIT.pageObjects.Keywords">
    <failure type="org.testng.TestNGException" message="
Cannot inject @Test annotated Method [rightclickopeninnewtabversionone] with [class java.lang.String].
For more information on native dependency injection please refer to http://testng.org/doc/documentation-main.html#native-dependency-injection">
      <![CDATA[org.testng.TestNGException: 
Cannot inject @Test annotated Method [rightclickopeninnewtabversionone] with [class java.lang.String].
For more information on native dependency injection please refer to http://testng.org/doc/documentation-main.html#native-dependency-injection
... Removed 24 stack frames]]>
    </failure>
  </testcase> <!-- rightclickopeninnewtabversionone -->
  <testcase name="robot" time="0.0" classname="com.IIT.pageObjects.Keywords">
    <failure type="org.testng.TestNGException" message="
Cannot inject @Test annotated Method [robot] with [class java.lang.String, class java.lang.String].
For more information on native dependency injection please refer to http://testng.org/doc/documentation-main.html#native-dependency-injection">
      <![CDATA[org.testng.TestNGException: 
Cannot inject @Test annotated Method [robot] with [class java.lang.String, class java.lang.String].
For more information on native dependency injection please refer to http://testng.org/doc/documentation-main.html#native-dependency-injection
... Removed 24 stack frames]]>
    </failure>
  </testcase> <!-- robot -->
  <testcase name="robotarrowdown" time="0.02" classname="com.IIT.pageObjects.Keywords"/>
  <testcase name="robotclick" time="0.0" classname="com.IIT.pageObjects.Keywords">
    <failure type="org.testng.TestNGException" message="
Cannot inject @Test annotated Method [robotclick] with [class java.lang.String].
For more information on native dependency injection please refer to http://testng.org/doc/documentation-main.html#native-dependency-injection">
      <![CDATA[org.testng.TestNGException: 
Cannot inject @Test annotated Method [robotclick] with [class java.lang.String].
For more information on native dependency injection please refer to http://testng.org/doc/documentation-main.html#native-dependency-injection
... Removed 24 stack frames]]>
    </failure>
  </testcase> <!-- robotclick -->
  <testcase name="robotenter" time="0.0" classname="com.IIT.pageObjects.Keywords">
    <failure type="org.testng.TestNGException" message="
Cannot inject @Test annotated Method [robotenter] with [class java.lang.String, class java.lang.String].
For more information on native dependency injection please refer to http://testng.org/doc/documentation-main.html#native-dependency-injection">
      <![CDATA[org.testng.TestNGException: 
Cannot inject @Test annotated Method [robotenter] with [class java.lang.String, class java.lang.String].
For more information on native dependency injection please refer to http://testng.org/doc/documentation-main.html#native-dependency-injection
... Removed 24 stack frames]]>
    </failure>
  </testcase> <!-- robotenter -->
  <testcase name="scrollDown" time="0.006" classname="com.IIT.pageObjects.Keywords">
    <failure type="org.openqa.selenium.NoSuchSessionException" message="Session ID is null. Using WebDriver after calling quit()?
Build info: version: &amp;apos;3.14.0&amp;apos;, revision: &amp;apos;aacccce0&amp;apos;, time: &amp;apos;2018-08-02T20:19:58.91Z&amp;apos;
System info: host: &amp;apos;foradian-H110M-H&amp;apos;, ip: &amp;apos;127.0.1.1&amp;apos;, os.name: &amp;apos;Linux&amp;apos;, os.arch: &amp;apos;amd64&amp;apos;, os.version: &amp;apos;4.15.0-76-generic&amp;apos;, java.version: &amp;apos;1.8.0_181&amp;apos;
Driver info: driver.version: RemoteWebDriver">
      <![CDATA[org.openqa.selenium.NoSuchSessionException: Session ID is null. Using WebDriver after calling quit()?
Build info: version: '3.14.0', revision: 'aacccce0', time: '2018-08-02T20:19:58.91Z'
System info: host: 'foradian-H110M-H', ip: '127.0.1.1', os.name: 'Linux', os.arch: 'amd64', os.version: '4.15.0-76-generic', java.version: '1.8.0_181'
Driver info: driver.version: RemoteWebDriver
at org.openqa.selenium.remote.HttpCommandExecutor.execute(HttpCommandExecutor.java:125)
at org.openqa.selenium.remote.service.DriverCommandExecutor.execute(DriverCommandExecutor.java:83)
at org.openqa.selenium.remote.RemoteWebDriver.execute(RemoteWebDriver.java:548)
at org.openqa.selenium.remote.RemoteWebDriver.executeScript(RemoteWebDriver.java:485)
at com.IIT.pageObjects.Keywords.scrollDown(Keywords.java:321)
... Removed 25 stack frames]]>
    </failure>
  </testcase> <!-- scrollDown -->
  <testcase name="scrollToNextTab" time="0.012" classname="com.IIT.pageObjects.Keywords"/>
  <testcase name="scrollUp" time="0.001" classname="com.IIT.pageObjects.Keywords">
    <failure type="org.openqa.selenium.NoSuchSessionException" message="Session ID is null. Using WebDriver after calling quit()?
Build info: version: &amp;apos;3.14.0&amp;apos;, revision: &amp;apos;aacccce0&amp;apos;, time: &amp;apos;2018-08-02T20:19:58.91Z&amp;apos;
System info: host: &amp;apos;foradian-H110M-H&amp;apos;, ip: &amp;apos;127.0.1.1&amp;apos;, os.name: &amp;apos;Linux&amp;apos;, os.arch: &amp;apos;amd64&amp;apos;, os.version: &amp;apos;4.15.0-76-generic&amp;apos;, java.version: &amp;apos;1.8.0_181&amp;apos;
Driver info: driver.version: RemoteWebDriver">
      <![CDATA[org.openqa.selenium.NoSuchSessionException: Session ID is null. Using WebDriver after calling quit()?
Build info: version: '3.14.0', revision: 'aacccce0', time: '2018-08-02T20:19:58.91Z'
System info: host: 'foradian-H110M-H', ip: '127.0.1.1', os.name: 'Linux', os.arch: 'amd64', os.version: '4.15.0-76-generic', java.version: '1.8.0_181'
Driver info: driver.version: RemoteWebDriver
at org.openqa.selenium.remote.HttpCommandExecutor.execute(HttpCommandExecutor.java:125)
at org.openqa.selenium.remote.service.DriverCommandExecutor.execute(DriverCommandExecutor.java:83)
at org.openqa.selenium.remote.RemoteWebDriver.execute(RemoteWebDriver.java:548)
at org.openqa.selenium.remote.RemoteWebDriver.executeScript(RemoteWebDriver.java:485)
at com.IIT.pageObjects.Keywords.scrollUp(Keywords.java:345)
... Removed 25 stack frames]]>
    </failure>
  </testcase> <!-- scrollUp -->
  <testcase name="scrolltolastelementoftable" time="0.0" classname="com.IIT.pageObjects.Keywords">
    <failure type="org.testng.TestNGException" message="
Cannot inject @Test annotated Method [scrolltolastelementoftable] with [class java.lang.String].
For more information on native dependency injection please refer to http://testng.org/doc/documentation-main.html#native-dependency-injection">
      <![CDATA[org.testng.TestNGException: 
Cannot inject @Test annotated Method [scrolltolastelementoftable] with [class java.lang.String].
For more information on native dependency injection please refer to http://testng.org/doc/documentation-main.html#native-dependency-injection
... Removed 24 stack frames]]>
    </failure>
  </testcase> <!-- scrolltolastelementoftable -->
  <testcase name="select" time="0.0" classname="com.IIT.pageObjects.Keywords">
    <failure type="org.testng.TestNGException" message="
Cannot inject @Test annotated Method [select] with [class java.lang.String, int].
For more information on native dependency injection please refer to http://testng.org/doc/documentation-main.html#native-dependency-injection">
      <![CDATA[org.testng.TestNGException: 
Cannot inject @Test annotated Method [select] with [class java.lang.String, int].
For more information on native dependency injection please refer to http://testng.org/doc/documentation-main.html#native-dependency-injection
... Removed 24 stack frames]]>
    </failure>
  </testcase> <!-- select -->
  <testcase name="selectbyindex" time="0.0" classname="com.IIT.pageObjects.Keywords">
    <failure type="org.testng.TestNGException" message="
Cannot inject @Test annotated Method [selectbyindex] with [class java.lang.String, int].
For more information on native dependency injection please refer to http://testng.org/doc/documentation-main.html#native-dependency-injection">
      <![CDATA[org.testng.TestNGException: 
Cannot inject @Test annotated Method [selectbyindex] with [class java.lang.String, int].
For more information on native dependency injection please refer to http://testng.org/doc/documentation-main.html#native-dependency-injection
... Removed 24 stack frames]]>
    </failure>
  </testcase> <!-- selectbyindex -->
  <testcase name="selectbyvalue" time="0.0" classname="com.IIT.pageObjects.Keywords">
    <failure type="org.testng.TestNGException" message="
Cannot inject @Test annotated Method [selectbyvalue] with [class java.lang.String, class java.lang.String].
For more information on native dependency injection please refer to http://testng.org/doc/documentation-main.html#native-dependency-injection">
      <![CDATA[org.testng.TestNGException: 
Cannot inject @Test annotated Method [selectbyvalue] with [class java.lang.String, class java.lang.String].
For more information on native dependency injection please refer to http://testng.org/doc/documentation-main.html#native-dependency-injection
... Removed 24 stack frames]]>
    </failure>
  </testcase> <!-- selectbyvalue -->
  <testcase name="selectbyvisibletextint" time="0.0" classname="com.IIT.pageObjects.Keywords">
    <failure type="org.testng.TestNGException" message="
Cannot inject @Test annotated Method [selectbyvisibletextint] with [class java.lang.String, class java.lang.String].
For more information on native dependency injection please refer to http://testng.org/doc/documentation-main.html#native-dependency-injection">
      <![CDATA[org.testng.TestNGException: 
Cannot inject @Test annotated Method [selectbyvisibletextint] with [class java.lang.String, class java.lang.String].
For more information on native dependency injection please refer to http://testng.org/doc/documentation-main.html#native-dependency-injection
... Removed 24 stack frames]]>
    </failure>
  </testcase> <!-- selectbyvisibletextint -->
  <testcase name="selectbyvisibletextstring" time="0.0" classname="com.IIT.pageObjects.Keywords">
    <failure type="org.testng.TestNGException" message="
Cannot inject @Test annotated Method [selectbyvisibletextstring] with [class java.lang.String, class java.lang.String].
For more information on native dependency injection please refer to http://testng.org/doc/documentation-main.html#native-dependency-injection">
      <![CDATA[org.testng.TestNGException: 
Cannot inject @Test annotated Method [selectbyvisibletextstring] with [class java.lang.String, class java.lang.String].
For more information on native dependency injection please refer to http://testng.org/doc/documentation-main.html#native-dependency-injection
... Removed 24 stack frames]]>
    </failure>
  </testcase> <!-- selectbyvisibletextstring -->
  <testcase name="sleep" time="0.0" classname="com.IIT.pageObjects.Keywords">
    <failure type="org.testng.TestNGException" message="
Cannot inject @Test annotated Method [sleep] with [class java.lang.String, int].
For more information on native dependency injection please refer to http://testng.org/doc/documentation-main.html#native-dependency-injection">
      <![CDATA[org.testng.TestNGException: 
Cannot inject @Test annotated Method [sleep] with [class java.lang.String, int].
For more information on native dependency injection please refer to http://testng.org/doc/documentation-main.html#native-dependency-injection
... Removed 24 stack frames]]>
    </failure>
  </testcase> <!-- sleep -->
  <testcase name="switchtotabone" time="0.001" classname="com.IIT.pageObjects.Keywords">
    <failure type="org.openqa.selenium.NoSuchSessionException" message="Session ID is null. Using WebDriver after calling quit()?
Build info: version: &amp;apos;3.14.0&amp;apos;, revision: &amp;apos;aacccce0&amp;apos;, time: &amp;apos;2018-08-02T20:19:58.91Z&amp;apos;
System info: host: &amp;apos;foradian-H110M-H&amp;apos;, ip: &amp;apos;127.0.1.1&amp;apos;, os.name: &amp;apos;Linux&amp;apos;, os.arch: &amp;apos;amd64&amp;apos;, os.version: &amp;apos;4.15.0-76-generic&amp;apos;, java.version: &amp;apos;1.8.0_181&amp;apos;
Driver info: driver.version: RemoteWebDriver">
      <![CDATA[org.openqa.selenium.NoSuchSessionException: Session ID is null. Using WebDriver after calling quit()?
Build info: version: '3.14.0', revision: 'aacccce0', time: '2018-08-02T20:19:58.91Z'
System info: host: 'foradian-H110M-H', ip: '127.0.1.1', os.name: 'Linux', os.arch: 'amd64', os.version: '4.15.0-76-generic', java.version: '1.8.0_181'
Driver info: driver.version: RemoteWebDriver
at org.openqa.selenium.remote.HttpCommandExecutor.execute(HttpCommandExecutor.java:125)
at org.openqa.selenium.remote.service.DriverCommandExecutor.execute(DriverCommandExecutor.java:83)
at org.openqa.selenium.remote.RemoteWebDriver.execute(RemoteWebDriver.java:548)
at org.openqa.selenium.remote.RemoteWebDriver.execute(RemoteWebDriver.java:605)
at org.openqa.selenium.remote.RemoteWebDriver.getWindowHandles(RemoteWebDriver.java:456)
at com.IIT.pageObjects.Keywords.switchtotabone(Keywords.java:525)
... Removed 25 stack frames]]>
    </failure>
  </testcase> <!-- switchtotabone -->
  <testcase name="switchtotabthree" time="0.001" classname="com.IIT.pageObjects.Keywords">
    <failure type="org.openqa.selenium.NoSuchSessionException" message="Session ID is null. Using WebDriver after calling quit()?
Build info: version: &amp;apos;3.14.0&amp;apos;, revision: &amp;apos;aacccce0&amp;apos;, time: &amp;apos;2018-08-02T20:19:58.91Z&amp;apos;
System info: host: &amp;apos;foradian-H110M-H&amp;apos;, ip: &amp;apos;127.0.1.1&amp;apos;, os.name: &amp;apos;Linux&amp;apos;, os.arch: &amp;apos;amd64&amp;apos;, os.version: &amp;apos;4.15.0-76-generic&amp;apos;, java.version: &amp;apos;1.8.0_181&amp;apos;
Driver info: driver.version: RemoteWebDriver">
      <![CDATA[org.openqa.selenium.NoSuchSessionException: Session ID is null. Using WebDriver after calling quit()?
Build info: version: '3.14.0', revision: 'aacccce0', time: '2018-08-02T20:19:58.91Z'
System info: host: 'foradian-H110M-H', ip: '127.0.1.1', os.name: 'Linux', os.arch: 'amd64', os.version: '4.15.0-76-generic', java.version: '1.8.0_181'
Driver info: driver.version: RemoteWebDriver
at org.openqa.selenium.remote.HttpCommandExecutor.execute(HttpCommandExecutor.java:125)
at org.openqa.selenium.remote.service.DriverCommandExecutor.execute(DriverCommandExecutor.java:83)
at org.openqa.selenium.remote.RemoteWebDriver.execute(RemoteWebDriver.java:548)
at org.openqa.selenium.remote.RemoteWebDriver.execute(RemoteWebDriver.java:605)
at org.openqa.selenium.remote.RemoteWebDriver.getWindowHandles(RemoteWebDriver.java:456)
at com.IIT.pageObjects.Keywords.switchtotabthree(Keywords.java:545)
... Removed 25 stack frames]]>
    </failure>
  </testcase> <!-- switchtotabthree -->
  <testcase name="switchtotabtwo" time="0.0" classname="com.IIT.pageObjects.Keywords">
    <failure type="org.openqa.selenium.NoSuchSessionException" message="Session ID is null. Using WebDriver after calling quit()?
Build info: version: &amp;apos;3.14.0&amp;apos;, revision: &amp;apos;aacccce0&amp;apos;, time: &amp;apos;2018-08-02T20:19:58.91Z&amp;apos;
System info: host: &amp;apos;foradian-H110M-H&amp;apos;, ip: &amp;apos;127.0.1.1&amp;apos;, os.name: &amp;apos;Linux&amp;apos;, os.arch: &amp;apos;amd64&amp;apos;, os.version: &amp;apos;4.15.0-76-generic&amp;apos;, java.version: &amp;apos;1.8.0_181&amp;apos;
Driver info: driver.version: RemoteWebDriver">
      <![CDATA[org.openqa.selenium.NoSuchSessionException: Session ID is null. Using WebDriver after calling quit()?
Build info: version: '3.14.0', revision: 'aacccce0', time: '2018-08-02T20:19:58.91Z'
System info: host: 'foradian-H110M-H', ip: '127.0.1.1', os.name: 'Linux', os.arch: 'amd64', os.version: '4.15.0-76-generic', java.version: '1.8.0_181'
Driver info: driver.version: RemoteWebDriver
at org.openqa.selenium.remote.HttpCommandExecutor.execute(HttpCommandExecutor.java:125)
at org.openqa.selenium.remote.service.DriverCommandExecutor.execute(DriverCommandExecutor.java:83)
at org.openqa.selenium.remote.RemoteWebDriver.execute(RemoteWebDriver.java:548)
at org.openqa.selenium.remote.RemoteWebDriver.execute(RemoteWebDriver.java:605)
at org.openqa.selenium.remote.RemoteWebDriver.getWindowHandles(RemoteWebDriver.java:456)
at com.IIT.pageObjects.Keywords.switchtotabtwo(Keywords.java:535)
... Removed 25 stack frames]]>
    </failure>
  </testcase> <!-- switchtotabtwo -->
  <testcase name="switchtotabzero" time="0.002" classname="com.IIT.pageObjects.Keywords">
    <failure type="org.openqa.selenium.NoSuchSessionException" message="Session ID is null. Using WebDriver after calling quit()?
Build info: version: &amp;apos;3.14.0&amp;apos;, revision: &amp;apos;aacccce0&amp;apos;, time: &amp;apos;2018-08-02T20:19:58.91Z&amp;apos;
System info: host: &amp;apos;foradian-H110M-H&amp;apos;, ip: &amp;apos;127.0.1.1&amp;apos;, os.name: &amp;apos;Linux&amp;apos;, os.arch: &amp;apos;amd64&amp;apos;, os.version: &amp;apos;4.15.0-76-generic&amp;apos;, java.version: &amp;apos;1.8.0_181&amp;apos;
Driver info: driver.version: RemoteWebDriver">
      <![CDATA[org.openqa.selenium.NoSuchSessionException: Session ID is null. Using WebDriver after calling quit()?
Build info: version: '3.14.0', revision: 'aacccce0', time: '2018-08-02T20:19:58.91Z'
System info: host: 'foradian-H110M-H', ip: '127.0.1.1', os.name: 'Linux', os.arch: 'amd64', os.version: '4.15.0-76-generic', java.version: '1.8.0_181'
Driver info: driver.version: RemoteWebDriver
at org.openqa.selenium.remote.HttpCommandExecutor.execute(HttpCommandExecutor.java:125)
at org.openqa.selenium.remote.service.DriverCommandExecutor.execute(DriverCommandExecutor.java:83)
at org.openqa.selenium.remote.RemoteWebDriver.execute(RemoteWebDriver.java:548)
at org.openqa.selenium.remote.RemoteWebDriver.execute(RemoteWebDriver.java:605)
at org.openqa.selenium.remote.RemoteWebDriver.getWindowHandles(RemoteWebDriver.java:456)
at com.IIT.pageObjects.Keywords.switchtotabzero(Keywords.java:515)
... Removed 25 stack frames]]>
    </failure>
  </testcase> <!-- switchtotabzero -->
  <testcase name="update_input_values" time="0.0" classname="com.IIT.pageObjects.Keywords">
    <failure type="org.testng.TestNGException" message="
Cannot inject @Test annotated Method [update_input_values] with [class java.lang.String, class java.lang.String].
For more information on native dependency injection please refer to http://testng.org/doc/documentation-main.html#native-dependency-injection">
      <![CDATA[org.testng.TestNGException: 
Cannot inject @Test annotated Method [update_input_values] with [class java.lang.String, class java.lang.String].
For more information on native dependency injection please refer to http://testng.org/doc/documentation-main.html#native-dependency-injection
... Removed 24 stack frames]]>
    </failure>
  </testcase> <!-- update_input_values -->
  <testcase name="waitandgoback" time="0.0" classname="com.IIT.pageObjects.Keywords">
    <failure type="org.testng.TestNGException" message="
Cannot inject @Test annotated Method [waitandgoback] with [class org.openqa.selenium.By].
For more information on native dependency injection please refer to http://testng.org/doc/documentation-main.html#native-dependency-injection">
      <![CDATA[org.testng.TestNGException: 
Cannot inject @Test annotated Method [waitandgoback] with [class org.openqa.selenium.By].
For more information on native dependency injection please refer to http://testng.org/doc/documentation-main.html#native-dependency-injection
... Removed 24 stack frames]]>
    </failure>
  </testcase> <!-- waitandgoback -->
</testsuite> <!-- Test -->
